<?xml version="1.0" encoding="UTF-8"?>
<!-- Generated by org.testng.reporters.JUnitReportReporter -->
<testsuite hostname="DESKTOP-U5B1BD3" failures="0" tests="1" name="com.flow.cicd_flow" time="92.208" errors="0" timestamp="2023-03-24T11:16:17 IST" skipped="0">
  <testcase classname="com.flow.cicd_flow" name="launch" time="92.208"/>
  <system-out/>
</testsuite> <!-- com.flow.cicd_flow -->
